[debug] [2025-03-15T03:18:10.399Z] ----------------------------------------------------------------------
[debug] [2025-03-15T03:18:10.400Z] Command:       /usr/local/bin/firebase /Users/zhong_st/.cache/firebase/tools/lib/node_modules/firebase-tools/lib/bin/firebase init
[debug] [2025-03-15T03:18:10.401Z] CLI Version:   13.31.2
[debug] [2025-03-15T03:18:10.401Z] Platform:      darwin
[debug] [2025-03-15T03:18:10.401Z] Node Version:  v18.5.0
[debug] [2025-03-15T03:18:10.402Z] Time:          Sat Mar 15 2025 14:18:10 GMT+1100 (Australian Eastern Daylight Time)
[debug] [2025-03-15T03:18:10.402Z] ----------------------------------------------------------------------
[debug] 
[debug] [2025-03-15T03:18:10.406Z] >>> [apiv2][query] GET https://firebase-public.firebaseio.com/cli.json [none]
[debug] [2025-03-15T03:18:10.625Z] Object "" in "firebase.json" has unknown property: {"additionalProperty":"flutter"}
[debug] [2025-03-15T03:18:10.628Z] > command requires scopes: ["email","openid","https://www.googleapis.com/auth/cloudplatformprojects.readonly","https://www.googleapis.com/auth/firebase","https://www.googleapis.com/auth/cloud-platform"]
[debug] [2025-03-15T03:18:10.629Z] > authorizing via signed-in user (stephen.zhong1998.9@gmail.com)
[debug] [2025-03-15T03:18:10.630Z] Object "" in "firebase.json" has unknown property: {"additionalProperty":"flutter"}
[info] 
     ######## #### ########  ######## ########     ###     ######  ########
     ##        ##  ##     ## ##       ##     ##  ##   ##  ##       ##
     ######    ##  ########  ######   ########  #########  ######  ######
     ##        ##  ##    ##  ##       ##     ## ##     ##       ## ##
     ##       #### ##     ## ######## ########  ##     ##  ######  ########

You're about to initialize a Firebase project in this directory:

  /Users/zhong_st/Desktop/skeleton_app/skeleton_app

Before we get started, keep in mind:

  * You are initializing within an existing Firebase project directory

[debug] [2025-03-15T03:18:14.210Z] <<< [apiv2][status] GET https://firebase-public.firebaseio.com/cli.json 200
[debug] [2025-03-15T03:18:14.213Z] <<< [apiv2][body] GET https://firebase-public.firebaseio.com/cli.json {"cloudBuildErrorAfter":1594252800000,"cloudBuildWarnAfter":1590019200000,"defaultNode10After":1594252800000,"minVersion":"3.0.5","node8DeploysDisabledAfter":1613390400000,"node8RuntimeDisabledAfter":1615809600000,"node8WarnAfter":1600128000000}
